<?xml version="1.0" encoding="UTF-8"?>
<testng-results ignored="0" total="1" passed="1" failed="0" skipped="0">
  <reporter-output>
  </reporter-output>
  <suite started-at="2023-09-05T11:38:01 IST" name="Default suite" finished-at="2023-09-05T11:38:04 IST" duration-ms="2983">
    <groups>
    </groups>
    <test started-at="2023-09-05T11:38:01 IST" name="Default test" finished-at="2023-09-05T11:38:04 IST" duration-ms="2983">
      <class name="shopper.ShopperStack">
        <test-method signature="shopperLogin()[pri:0, instance:shopper.ShopperStack@192d43ce]" started-at="2023-09-05T11:38:01 IST" name="shopperLogin" finished-at="2023-09-05T11:38:04 IST" duration-ms="2949" status="PASS">
          <reporter-output>
          </reporter-output>
        </test-method> <!-- shopperLogin -->
      </class> <!-- shopper.ShopperStack -->
    </test> <!-- Default test -->
  </suite> <!-- Default suite -->
</testng-results>
